============================================
Wresl Checker v2.3.1-2-g11276ce5
============================================
Parsing file: c:\cs3version\cs3l2015v0\conv\run\mainconv_30_sa_wreslplus.wresl
Parsing file: c:\cs3version\cs3l2015v0\common\newfacilityswitches.wresl
Parsing file: c:\cs3version\cs3l2015v0\common\levelofdevelopment.wresl
Parsing file: c:\cs3version\cs3l2015v0\common\northofdelta\sacramento\nodos\nodos_jobcontrol.wresl
Parsing file: c:\cs3version\cs3l2015v0\common\caaframework\lcpsim\lcpsim_defines.wresl
Parsing file: c:\cs3version\cs3l2015v0\common\caaframework\lcpsim\lcpsim_to_calsim_linkage.wresl
Parsing file: c:\cs3version\cs3l2015v0\common\sanjoaquin\various\definitions\sjr_gwpumpingsplits.wresl
Parsing file: c:\cs3version\cs3l2015v0\conv\run\restoration\aprpartinflow.wresl
Parsing file: c:\cs3version\cs3l2015v0\common\system\system_sjr.wresl
Parsing file: c:\cs3version\cs3l2015v0\common\system\systemtables_sjr\arcs-residuals.wresl
Parsing file: c:\cs3version\cs3l2015v0\common\system\systemtables_sjr\inflow-table.wresl
Parsing file: c:\cs3version\cs3l2015v0\common\system\systemtables_sjr\channel-table.wresl
Parsing file: c:\cs3version\cs3l2015v0\common\system\systemtables_sjr\delivery-table.wresl
Parsing file: c:\cs3version\cs3l2015v0\common\system\systemtables_sjr\return-table.wresl
Parsing file: c:\cs3version\cs3l2015v0\common\system\systemtables_sjr\reservoir-table.wresl
Parsing file: c:\cs3version\cs3l2015v0\common\system\systemtables_sjr\connectivity-table.wresl
Parsing file: c:\cs3version\cs3l2015v0\common\wytypes\wytypes.wresl
Parsing file: c:\cs3version\cs3l2015v0\common\sanjoaquin\integratedoperations\integratedoperationscommon1.wresl
Parsing file: c:\cs3version\cs3l2015v0\common\sanjoaquin\integratedoperations\conv_control_0000.wresl
Parsing file: c:\cs3version\cs3l2015v0\common\sanjoaquin\integratedoperations\int_control_00.wresl
Parsing file: c:\cs3version\cs3l2015v0\common\sanjoaquin\integratedoperations\system\usjrs\inflow-table.wresl
Parsing file: c:\cs3version\cs3l2015v0\common\sanjoaquin\integratedoperations\system\system_usjrs_io_base.wresl
Parsing file: c:\cs3version\cs3l2015v0\common\sanjoaquin\integratedoperations\system\usjrs\channel-table.wresl
Parsing file: c:\cs3version\cs3l2015v0\common\sanjoaquin\integratedoperations\system\usjrs\base\reservoir-table.wresl
Parsing file: c:\cs3version\cs3l2015v0\common\sanjoaquin\integratedoperations\system\usjrs\usjr_storage_accounting.wresl
Parsing file: c:\cs3version\cs3l2015v0\common\sanjoaquin\integratedoperations\system\usjrs\connectivity-table.wresl
Parsing file: c:\cs3version\cs3l2015v0\common\cycle1thru5systemdefsglobal.wresl
Parsing file: c:\cs3version\cs3l2015v0\conv\run\basestudyresults\basestudyresults.wresl
Parsing file: c:\cs3version\cs3l2015v0\common\b2actions\repeat\b2actconditionsfix.wresl
Parsing file: c:\cs3version\cs3l2015v0\common\hydrology\forecast\forecast.wresl
Parsing file: c:\cs3version\cs3l2015v0\common\hydrology\forecast\cvpforecasts.wresl
Parsing file: c:\cs3version\cs3l2015v0\common\system\system_sac_cycle1.wresl
Parsing file: c:\cs3version\cs3l2015v0\common\system\systemtables_sac\arcs-deliveries.wresl
Parsing file: c:\cs3version\cs3l2015v0\common\system\systemtables_sac\arcs-gwpumping.wresl
Parsing file: c:\cs3version\cs3l2015v0\common\system\systemtables_sac\arcs-wufactors.wresl
Parsing file: c:\cs3version\cs3l2015v0\common\system\systemtables_sac\flowlossfactors.wresl
Parsing file: c:\cs3version\cs3l2015v0\common\system\systemtables_sac\rpf_rufo_rufw.wresl
Parsing file: c:\cs3version\cs3l2015v0\conv\run\deliverylogic\cvpsysdeliverylogiccycle1.wresl
Parsing file: c:\cs3version\cs3l2015v0\common\cvp_dellogic\cvp_dellogic_s\demands_s\cvp_demands_s.wresl
Parsing file: c:\cs3version\cs3l2015v0\common\cvp_dellogic\cvp_dellogic_sys\demands_sys\sumcvpcl_sys.wresl
Parsing file: c:\cs3version\cs3l2015v0\common\cvp_dellogic\cvp_dellogic_sys\demands_sys\sumcvpdr_sys.wresl
Parsing file: c:\cs3version\cs3l2015v0\common\cvp_dellogic\cvp_dellogic_sys\estcvpexpsadj.wresl
Parsing file: c:\cs3version\cs3l2015v0\common\cvp_dellogic\cvp_dellogic_sys\wsi_sys\cvp_store_defs_sys.wresl
Parsing file: c:\cs3version\cs3l2015v0\common\cvp_dellogic\cvp_dellogic_sys\wsi_sys\wsi_cvp_sys.wresl
Parsing file: c:\cs3version\cs3l2015v0\common\cvp_dellogic\cvp_dellogic_sys\di_sys\di_cvp_sys.wresl
Parsing file: c:\cs3version\cs3l2015v0\conv\run\deliverylogic\delcar_cvp_sys.wresl
Parsing file: c:\cs3version\cs3l2015v0\common\cvp_dellogic\cvp_dellogic_sys\cvpcut_sys\cvpcut_sys.wresl
Parsing file: c:\cs3version\cs3l2015v0\common\sanjoaquin\various\definitions\sjr_channelsplits.wresl
Parsing file: c:\cs3version\cs3l2015v0\conv\run\deliverylogic\cvpsdeliverylogiccycle1.wresl
Parsing file: c:\cs3version\cs3l2015v0\common\cvp_dellogic\cvp_dellogic_s\exp_based\export_index_cvp.wresl
Parsing file: c:\cs3version\cs3l2015v0\common\cvp_dellogic\cvp_dellogic_s\exp_based\exp_based_del_cvp_s.wresl
Parsing file: c:\cs3version\cs3l2015v0\conv\run\deliverylogic\delcar_cvp_s.wresl
Parsing file: c:\cs3version\cs3l2015v0\conv\run\deliverylogic\cvpcut_s.wresl
Parsing file: c:\cs3version\cs3l2015v0\common\cvp_dellogic\cvp_dellogic_s\deliveries_s\cvp_arcsplit_s_cyc1.wresl
Parsing file: c:\cs3version\cs3l2015v0\common\sanjoaquin\friant\sjrr_rest.wresl
Parsing file: c:\cs3version\cs3l2015v0\common\sanjoaquin\sanjoaquincore.wresl
Parsing file: c:\cs3version\cs3l2015v0\common\sanjoaquin\various\definitions\sjr_aggreg.wresl
Parsing file: c:\cs3version\cs3l2015v0\common\sanjoaquin\various\definitions\previous_wyt_sjr.wresl
Parsing file: c:\cs3version\cs3l2015v0\common\sanjoaquin\various\definitions\sjr_deliverysplits.wresl
Parsing file: c:\cs3version\cs3l2015v0\common\sanjoaquin\friant\friant.wresl
Parsing file: c:\cs3version\cs3l2015v0\common\sanjoaquin\friant\restoration_16b.wresl
Parsing file: c:\cs3version\cs3l2015v0\common\sanjoaquin\friant\friant_adj_fld_spc.wresl
Parsing file: c:\cs3version\cs3l2015v0\common\sanjoaquin\friant\friant_wsf.wresl
Parsing file: c:\cs3version\cs3l2015v0\common\sanjoaquin\friant\friant_allocation.wresl
Parsing file: c:\cs3version\cs3l2015v0\common\sanjoaquin\friant\friant_delivery.wresl
Parsing file: c:\cs3version\cs3l2015v0\common\sanjoaquin\friant\friant_rain_fld_est.wresl
Parsing file: c:\cs3version\cs3l2015v0\common\sanjoaquin\friant\friant_delivery_adjustments.wresl
Parsing file: c:\cs3version\cs3l2015v0\common\sanjoaquin\friant\friant_operation.wresl
Parsing file: c:\cs3version\cs3l2015v0\common\sanjoaquin\various\definitions\sjr_restrict.wresl
Parsing file: c:\cs3version\cs3l2015v0\common\sanjoaquin\southernsjr\southernsjr_dems.wresl
Parsing file: c:\cs3version\cs3l2015v0\common\sanjoaquin\merced\merced_dems.wresl
Parsing file: c:\cs3version\cs3l2015v0\common\sanjoaquin\tuolumne\tuolumne_dems.wresl
Parsing file: c:\cs3version\cs3l2015v0\common\sanjoaquin\stanislaus\newmelonesforecast.wresl
Parsing file: c:\cs3version\cs3l2015v0\common\sanjoaquin\stanislaus\stan_defs.wresl
Parsing file: c:\cs3version\cs3l2015v0\common\sanjoaquin\stanislaus\stanislaus_dems.wresl
Parsing file: c:\cs3version\cs3l2015v0\common\sanjoaquin\delta\cosma_dmd.wresl
Parsing file: c:\cs3version\cs3l2015v0\common\sanjoaquin\returnflows\westside_rf_defs.wresl
Parsing file: c:\cs3version\cs3l2015v0\common\sanjoaquin\returnflows\westsidereturns.wresl
Parsing file: c:\cs3version\cs3l2015v0\common\sanjoaquin\waterquality\wq_defs_disag.wresl
Parsing file: c:\cs3version\cs3l2015v0\common\sanjoaquin\waterquality\disaggregation\disag_def.wresl
Parsing file: c:\cs3version\cs3l2015v0\common\sanjoaquin\waterquality\disaggregation\accretion\accretion_def.wresl
Parsing file: c:\cs3version\cs3l2015v0\common\sanjoaquin\waterquality\disaggregation\westsidereturns\ws_returns_def.wresl
Parsing file: c:\cs3version\cs3l2015v0\common\sanjoaquin\waterquality\disaggregation\np_diversion\npd_flow.wresl
Parsing file: c:\cs3version\cs3l2015v0\common\sanjoaquin\waterquality\disaggregation\np_return\npr_flow.wresl
Parsing file: c:\cs3version\cs3l2015v0\common\sanjoaquin\waterquality\disaggregation\np_return\npr_ec.wresl
Parsing file: c:\cs3version\cs3l2015v0\common\sanjoaquin\calaveras\calaveras_dems_stocktondwsp.wresl
Parsing file: c:\cs3version\cs3l2015v0\common\sanjoaquin\delta\dwsp_arc_split.wresl
Parsing file: c:\cs3version\cs3l2015v0\common\sanjoaquin\delta\cosma_restrict.wresl
Parsing file: c:\cs3version\cs3l2015v0\common\sanjoaquin\friant\sjr_rest_req_local.wresl
Parsing file: c:\cs3version\cs3l2015v0\common\southofdelta\nodos\nodos_l4refuge_sod.wresl
Parsing file: c:\cs3version\cs3l2015v0\common\sanjoaquin\integratedoperations\integratedoperationscommon2.wresl
Parsing file: c:\cs3version\cs3l2015v0\common\sanjoaquin\integratedoperations\system\usjrs\weight-table.wresl
Parsing file: c:\cs3version\cs3l2015v0\common\sanjoaquin\integratedoperations\tfbypass.wresl
Parsing file: c:\cs3version\cs3l2015v0\common\sanjoaquin\integratedoperations\system\ca\channel-table.wresl
Parsing file: c:\cs3version\cs3l2015v0\common\sanjoaquin\integratedoperations\system\system_fkc_io.wresl
Parsing file: c:\cs3version\cs3l2015v0\common\sanjoaquin\integratedoperations\system\fkc\channel-table.wresl
Parsing file: c:\cs3version\cs3l2015v0\common\sanjoaquin\integratedoperations\system\fkc\delivery-table.wresl
Parsing file: c:\cs3version\cs3l2015v0\common\sanjoaquin\integratedoperations\system\fkc\connectivity-table.wresl
Parsing file: c:\cs3version\cs3l2015v0\common\sanjoaquin\integratedoperations\crossvalleyconveyancearcs2.wresl
Parsing file: c:\cs3version\cs3l2015v0\common\sanjoaquin\integratedoperations\fk_del_dist50.wresl
Parsing file: c:\cs3version\cs3l2015v0\common\sanjoaquin\integratedoperations\system\fkc\weight-table.wresl
Parsing file: c:\cs3version\cs3l2015v0\common\sanjoaquin\integratedoperations\integratedoperationscyc1.wresl
Parsing file: c:\cs3version\cs3l2015v0\common\sanjoaquin\integratedoperations\usjrs_io_off.wresl
Parsing file: c:\cs3version\cs3l2015v0\common\sanjoaquin\integratedoperations\cvc_off.wresl
Parsing file: c:\cs3version\cs3l2015v0\common\cycle1thru5systemdefslocal.wresl
Parsing file: c:\cs3version\cs3l2015v0\conv\run\deliverylogic\perdv_cvp_defscycle1_5.wresl
Parsing file: c:\cs3version\cs3l2015v0\common\reoperations\transfers\transferszeroops_cyc1thru5.wresl
Parsing file: c:\cs3version\cs3l2015v0\common\b2actions\b2vardefine.wresl
Parsing file: c:\cs3version\cs3l2015v0\common\sanjoaquin\delta\zeroaowater.wresl
Parsing file: c:\cs3version\cs3l2015v0\common\sanjoaquin\various\setwsreturns\setwsretcycle1thru5.wresl
Parsing file: c:\cs3version\cs3l2015v0\common\sanjoaquin\purchasedwater\instreamfromoid.wresl
Parsing file: c:\cs3version\cs3l2015v0\common\sanjoaquin\stanislaus\stan_fw_min.wresl
Parsing file: c:\cs3version\cs3l2015v0\common\sanjoaquin\tuolumne\tuol_ferc_min.wresl
Parsing file: c:\cs3version\cs3l2015v0\common\sanjoaquin\various\bounds_cycles\bounds_cycle1.wresl
Parsing file: c:\cs3version\cs3l2015v0\common\system\systemtables_sjr\weight-table.wresl
Parsing file: c:\cs3version\cs3l2015v0\common\sanjoaquin\waterquality\disaggregation\westsidereturns\wsreturnc1.wresl
Parsing file: c:\cs3version\cs3l2015v0\common\sanjoaquin\waterquality\vernalis_wqmin_disag.wresl
Parsing file: c:\cs3version\cs3l2015v0\common\sanjoaquin\groundwater\sjrgw_restrict.wresl
Parsing file: c:\cs3version\cs3l2015v0\common\sanjoaquin\various\bounds_cycles\bounds_cycle2.wresl
Parsing file: c:\cs3version\cs3l2015v0\common\sanjoaquin\stanislaus\stan_fw_pulse.wresl
Parsing file: c:\cs3version\cs3l2015v0\common\sanjoaquin\tuolumne\tuol_ferc_pulse.wresl
Parsing file: c:\cs3version\cs3l2015v0\common\sanjoaquin\various\bounds_cycles\bounds_cycle3.wresl
Parsing file: c:\cs3version\cs3l2015v0\common\sanjoaquin\waterquality\disaggregation\westsidereturns\wsreturnc3.wresl
Parsing file: c:\cs3version\cs3l2015v0\common\sanjoaquin\waterquality\vernalis_wqpulse_disag.wresl
Parsing file: c:\cs3version\cs3l2015v0\common\sanjoaquin\various\bounds_cycles\bounds_cycle4.wresl
Parsing file: c:\cs3version\cs3l2015v0\common\sanjoaquin\vamp\vamp_req.wresl
Parsing file: c:\cs3version\cs3l2015v0\common\sanjoaquin\vamp\vamp_alloc.wresl
Parsing file: c:\cs3version\cs3l2015v0\common\sanjoaquin\stanislaus\do.wresl
Parsing file: c:\cs3version\cs3l2015v0\common\sanjoaquin\various\bounds_cycles\bounds_cycle5.wresl
Parsing file: c:\cs3version\cs3l2015v0\common\ccwd\lvm_system.wresl
Parsing file: c:\cs3version\cs3l2015v0\common\ccwd\ccwd_ops\ccwd_lv_wytype.wresl
Parsing file: c:\cs3version\cs3l2015v0\common\ccwd\system\ccwd_system.wresl
Parsing file: c:\cs3version\cs3l2015v0\common\ccwd\system\inflow-table.wresl
Parsing file: c:\cs3version\cs3l2015v0\common\ccwd\system\channel-table.wresl
Parsing file: c:\cs3version\cs3l2015v0\common\ccwd\system\delivery-table.wresl
Parsing file: c:\cs3version\cs3l2015v0\common\ccwd\system\reservoir-table.wresl
Parsing file: c:\cs3version\cs3l2015v0\common\ccwd\userinput.wresl
Parsing file: c:\cs3version\cs3l2015v0\common\delta\deltaextfuncs_7inpann.wresl
Parsing file: c:\cs3version\cs3l2015v0\common\swp_dellogic\allocation\co_extfcn.wresl
Parsing file: c:\cs3version\cs3l2015v0\common\cvgroundwater\cvgroundwater_extfuncs.wresl
Parsing file: c:\cs3version\cs3l2015v0\common\sanjoaquin\integratedoperations\sanluistransfers.wresl
Parsing file: c:\cs3version\cs3l2015v0\common\system\system_all.wresl
Parsing file: c:\cs3version\cs3l2015v0\common\system\systemtables_all\inflow-table.wresl
Parsing file: c:\cs3version\cs3l2015v0\common\system\systemtables_all\channel-table.wresl
Parsing file: c:\cs3version\cs3l2015v0\common\system\systemtables_all\delivery-table.wresl
Parsing file: c:\cs3version\cs3l2015v0\common\system\systemtables_all\reservoir-table.wresl
Parsing file: c:\cs3version\cs3l2015v0\common\northofdelta\yuba\yuba_definition.wresl
Parsing file: c:\cs3version\cs3l2015v0\common\system\system_sac.wresl
Parsing file: c:\cs3version\cs3l2015v0\common\system\systemtables_sac\arcs-channels.wresl
Parsing file: c:\cs3version\cs3l2015v0\common\system\systemtables_sac\arcs-inflows.wresl
Parsing file: c:\cs3version\cs3l2015v0\common\system\systemtables_sac\arcs-weirs.wresl
Parsing file: c:\cs3version\cs3l2015v0\common\system\systemtables_sac\arcs-diversions.wresl
Parsing file: c:\cs3version\cs3l2015v0\common\system\systemtables_sac\arcs-seepage.wresl
Parsing file: c:\cs3version\cs3l2015v0\common\system\systemtables_sac\arcs-returns.wresl
Parsing file: c:\cs3version\cs3l2015v0\common\system\systemtables_sac\arcs-contracts.wresl
Parsing file: c:\cs3version\cs3l2015v0\common\system\systemtables_sac\arcs-contracts-frsa.wresl
Parsing file: c:\cs3version\cs3l2015v0\common\system\systemtables_sac\arcs-contracts-refuges.wresl
Parsing file: c:\cs3version\cs3l2015v0\common\system\systemtables_sac\arcs-preoperations.wresl
Parsing file: c:\cs3version\cs3l2015v0\common\system\systemtables_sac\arcs-reservoirs.wresl
Parsing file: c:\cs3version\cs3l2015v0\common\system\systemtables_sac\arcs-minflows.wresl
Parsing file: c:\cs3version\cs3l2015v0\common\system\systemtables_sac\constraints-runoff.wresl
Parsing file: c:\cs3version\cs3l2015v0\common\system\systemtables_sac\constraints-reservoirs.wresl
Parsing file: c:\cs3version\cs3l2015v0\common\system\systemtables_sac\constraints-returns.wresl
Parsing file: c:\cs3version\cs3l2015v0\common\system\systemtables_sac\constraints-wufactors.wresl
Parsing file: c:\cs3version\cs3l2015v0\common\system\systemtables_sac\constraints-deliveries.wresl
Parsing file: c:\cs3version\cs3l2015v0\common\system\systemtables_sac\constraints-connectivity.wresl
Parsing file: c:\cs3version\cs3l2015v0\common\system\systemtables_sac\constraints-minflows.wresl
Parsing file: c:\cs3version\cs3l2015v0\common\system\systemtables_sac\constraints-contracts.wresl
Parsing file: c:\cs3version\cs3l2015v0\common\system\systemtables_sac\constraints-weirs.wresl
Parsing file: c:\cs3version\cs3l2015v0\common\system\systemtables_sac\constraints-preoperations.wresl
Parsing file: c:\cs3version\cs3l2015v0\common\system\systemtables_sac\constraints-gwpumping.wresl
Parsing file: c:\cs3version\cs3l2015v0\common\system\systemtables_sac\constraints-deeppercolation.wresl
Parsing file: c:\cs3version\cs3l2015v0\common\system\systemtables_sac\constraints-floodspill.wresl
Parsing file: c:\cs3version\cs3l2015v0\common\system\systemtables_sac\constraints-seepage_initial.wresl
Parsing file: c:\cs3version\cs3l2015v0\common\reoperations\reopsvardefine.wresl
Parsing file: c:\cs3version\cs3l2015v0\common\export_ops\export_ops1.wresl
Parsing file: c:\cs3version\cs3l2015v0\common\export_ops\bankssplit.wresl
Parsing file: c:\cs3version\cs3l2015v0\common\export_ops\tracysplit.wresl
Parsing file: c:\cs3version\cs3l2015v0\common\delta\isolatedfacility\split_iftd.wresl
Parsing file: c:\cs3version\cs3l2015v0\common\export_ops\banks_limits.wresl
Parsing file: c:\cs3version\cs3l2015v0\common\export_ops\banks_pump_allow.wresl
Parsing file: c:\cs3version\cs3l2015v0\common\export_ops\tracy_limits.wresl
Parsing file: c:\cs3version\cs3l2015v0\common\export_ops\jul_sep_prefer_td_exp.wresl
Parsing file: c:\cs3version\cs3l2015v0\common\export_ops\export_ops2.wresl
Parsing file: c:\cs3version\cs3l2015v0\common\export_ops\tracy_pump_allow.wresl
Parsing file: c:\cs3version\cs3l2015v0\common\export_ops\intertie.wresl
Parsing file: c:\cs3version\cs3l2015v0\common\southofdelta\nodos\kern_gwdefine.wresl
Parsing file: c:\cs3version\cs3l2015v0\common\delta\isolatedfacility\isolatedfacility.wresl
Parsing file: c:\cs3version\cs3l2015v0\conv\run\reoperations\transfers\lyra_stub.wresl
Parsing file: c:\cs3version\cs3l2015v0\common\freeport\freeport.wresl
Parsing file: c:\cs3version\cs3l2015v0\common\freeport\ebmud\ebmud.wresl
Parsing file: c:\cs3version\cs3l2015v0\common\freeport\scwa\scwa.wresl
Parsing file: c:\cs3version\cs3l2015v0\conv\run\deliverylogic\swpdeliverylogic.wresl
Parsing file: c:\cs3version\cs3l2015v0\common\swp_dellogic\wsi_di\wsi_swp.wresl
Parsing file: c:\cs3version\cs3l2015v0\common\swp_dellogic\wsi_di\di_swp.wresl
Parsing file: c:\cs3version\cs3l2015v0\common\swp_dellogic\wsi_di\export_index_swp.wresl
Parsing file: c:\cs3version\cs3l2015v0\common\swp_dellogic\wsi_di\exp_based_del_swp_s.wresl
Parsing file: c:\cs3version\cs3l2015v0\conv\run\deliverylogic\delcar_swp.wresl
Parsing file: c:\cs3version\cs3l2015v0\common\swp_dellogic\demands\swp_arcsplit.wresl
Parsing file: c:\cs3version\cs3l2015v0\common\swp_dellogic\demands\swp_demands_s.wresl
Parsing file: c:\cs3version\cs3l2015v0\common\swp_dellogic\deliveries\sumswpdel.wresl
Parsing file: c:\cs3version\cs3l2015v0\common\swp_dellogic\deliveries\swp_delivery_summary.wresl
Parsing file: c:\cs3version\cs3l2015v0\common\swp_dellogic\allocation\swp_contractor_perdel_a.wresl
Parsing file: c:\cs3version\cs3l2015v0\common\swp_dellogic\allocation\carryover_allocation.wresl
Parsing file: c:\cs3version\cs3l2015v0\common\swp_dellogic\allocation\swp_contractor_perdel_b.wresl
Parsing file: c:\cs3version\cs3l2015v0\common\swp_dellogic\allocation\swp_feather_perdel.wresl
Parsing file: c:\cs3version\cs3l2015v0\common\swp_dellogic\deliveries\swp_bound_del.wresl
Parsing file: c:\cs3version\cs3l2015v0\common\swp_dellogic\conveyance_limits.wresl
Parsing file: c:\cs3version\cs3l2015v0\common\reoperations\transfers\transferszeroops.wresl
Parsing file: c:\cs3version\cs3l2015v0\common\delta\ann\anncommon1.wresl
Parsing file: c:\cs3version\cs3l2015v0\common\export_ops\dcc_stub.wresl
Parsing file: c:\cs3version\cs3l2015v0\common\delta\xchannel\xc-gates.wresl
Parsing file: c:\cs3version\cs3l2015v0\common\delta\mrdo\x2\x2setup_ann.wresl
Parsing file: c:\cs3version\cs3l2015v0\common\delta\mrdo\x2\lastx2_ann.wresl
Parsing file: c:\cs3version\cs3l2015v0\common\delta\mrdo\x2\x2days_wqcp.wresl
Parsing file: c:\cs3version\cs3l2015v0\common\ccwd\lvm_ops1.wresl
Parsing file: c:\cs3version\cs3l2015v0\common\ccwd\ccwd_ops\ccwd_flow_disaggregation.wresl
Parsing file: c:\cs3version\cs3l2015v0\common\ccwd\lve\io_accounting.wresl
Parsing file: c:\cs3version\cs3l2015v0\common\ccwd\ccwd_ops\ccwd_size_pipes_intakes.wresl
Parsing file: c:\cs3version\cs3l2015v0\common\ccwd\ccwd_ops\ccwd_demands.wresl
Parsing file: c:\cs3version\cs3l2015v0\common\ccwd\ccwd_ops\ccwd_wq_sv_readwq.wresl
Parsing file: c:\cs3version\cs3l2015v0\common\ccwd\ccwd_ops\ccwd_mallardslough.wresl
Parsing file: c:\cs3version\cs3l2015v0\common\ccwd\ccwd_ops\ccwd_losvaqueros.wresl
Parsing file: c:\cs3version\cs3l2015v0\common\ccwd\ccwd_ops\ccwd_delta_diversions.wresl
Parsing file: c:\cs3version\cs3l2015v0\common\export_ops\exportratio.wresl
Parsing file: c:\cs3version\cs3l2015v0\common\export_ops\april_may_maxexport.wresl
Parsing file: c:\cs3version\cs3l2015v0\common\northofdelta\nod.wresl
Parsing file: c:\cs3version\cs3l2015v0\common\northofdelta\american\waterforum.wresl
Parsing file: c:\cs3version\cs3l2015v0\common\northofdelta\american\nimbushistminq.wresl
Parsing file: c:\cs3version\cs3l2015v0\common\northofdelta\american\hst_base.wresl
Parsing file: c:\cs3version\cs3l2015v0\common\northofdelta\american\folrulecurv.wresl
Parsing file: c:\cs3version\cs3l2015v0\common\northofdelta\american\nimbuspower.wresl
Parsing file: c:\cs3version\cs3l2015v0\common\northofdelta\american\fmpinput.wresl
Parsing file: c:\cs3version\cs3l2015v0\common\northofdelta\clear\clearck.wresl
Parsing file: c:\cs3version\cs3l2015v0\common\northofdelta\sacramento\keswickmin.wresl
Parsing file: c:\cs3version\cs3l2015v0\common\northofdelta\sacramento\redbluff_bypassflow.wresl
Parsing file: c:\cs3version\cs3l2015v0\common\northofdelta\sacramento\redbluffops.wresl
Parsing file: c:\cs3version\cs3l2015v0\common\northofdelta\sacramento\hamiltoncity_bypassflow.wresl
Parsing file: c:\cs3version\cs3l2015v0\common\northofdelta\sacramento\ncp_relax.wresl
Parsing file: c:\cs3version\cs3l2015v0\common\northofdelta\sacramento\sharulecurv.wresl
Parsing file: c:\cs3version\cs3l2015v0\common\northofdelta\sacramento\keswickpower.wresl
Parsing file: c:\cs3version\cs3l2015v0\common\northofdelta\sacramento\knightslandingops.wresl
Parsing file: c:\cs3version\cs3l2015v0\common\northofdelta\sacramento\setdailyadjmif.wresl
Parsing file: c:\cs3version\cs3l2015v0\common\northofdelta\trinity\trinitymin.wresl
Parsing file: c:\cs3version\cs3l2015v0\common\northofdelta\trinity\trinity_import.wresl
Parsing file: c:\cs3version\cs3l2015v0\common\northofdelta\trinity\trinrulecurv.wresl
Parsing file: c:\cs3version\cs3l2015v0\common\northofdelta\trinity\trinitydampower.wresl
Parsing file: c:\cs3version\cs3l2015v0\common\northofdelta\trinity\lewistonspill.wresl
Parsing file: c:\cs3version\cs3l2015v0\common\northofdelta\stony\stonycr_main.wresl
Parsing file: c:\cs3version\cs3l2015v0\common\northofdelta\stony\blbfcs\blb_fc_rule.wresl
Parsing file: c:\cs3version\cs3l2015v0\common\northofdelta\stony\demands\stonyckallocations.wresl
Parsing file: c:\cs3version\cs3l2015v0\common\northofdelta\stony\minflow\minflow.wresl
Parsing file: c:\cs3version\cs3l2015v0\common\northofdelta\stony\minflow\east_park_min.wresl
Parsing file: c:\cs3version\cs3l2015v0\common\northofdelta\stony\minflow\stony_gorge_min.wresl
Parsing file: c:\cs3version\cs3l2015v0\common\northofdelta\stony\minflow\black_butte_min.wresl
Parsing file: c:\cs3version\cs3l2015v0\common\northofdelta\stony\minflow\ndd_cho_min.wresl
Parsing file: c:\cs3version\cs3l2015v0\common\northofdelta\stony\minflow\cho_gcid_min.wresl
Parsing file: c:\cs3version\cs3l2015v0\common\northofdelta\stony\system\res_balance.wresl
Parsing file: c:\cs3version\cs3l2015v0\common\northofdelta\sacramento\tcgcintertie.wresl
Parsing file: c:\cs3version\cs3l2015v0\common\northofdelta\feather\feather_special.wresl
Parsing file: c:\cs3version\cs3l2015v0\common\northofdelta\feather\westbranchfeather.wresl
Parsing file: c:\cs3version\cs3l2015v0\common\northofdelta\feather\ororulecurv.wresl
Parsing file: c:\cs3version\cs3l2015v0\common\northofdelta\feather\thermalitopower.wresl
Parsing file: c:\cs3version\cs3l2015v0\common\northofdelta\feather\frsa.wresl
Parsing file: c:\cs3version\cs3l2015v0\common\northofdelta\bear\bearriver.wresl
Parsing file: c:\cs3version\cs3l2015v0\common\northofdelta\putah\putahck.wresl
Parsing file: c:\cs3version\cs3l2015v0\common\northofdelta\putah\putahsouthcanal.wresl
Parsing file: c:\cs3version\cs3l2015v0\common\northofdelta\balance.wresl
Parsing file: c:\cs3version\cs3l2015v0\common\northofdelta\cache\cacheck.wresl
Parsing file: c:\cs3version\cs3l2015v0\common\northofdelta\colusa\cbd.wresl
Parsing file: c:\cs3version\cs3l2015v0\common\northofdelta\misc\butteslough.wresl
Parsing file: c:\cs3version\cs3l2015v0\common\northofdelta\minortribs\minortribs.wresl
Parsing file: c:\cs3version\cs3l2015v0\common\northofdelta\american\fmstandard.wresl
Parsing file: c:\cs3version\cs3l2015v0\common\northofdelta\sacramento\setnodminflows.wresl
Parsing file: c:\cs3version\cs3l2015v0\common\reoperations\wheeling\wheelcore.wresl
Parsing file: c:\cs3version\cs3l2015v0\common\reoperations\wheeling\wheelzerocvc.wresl
Parsing file: c:\cs3version\cs3l2015v0\common\reoperations\wheeling\wheelzerojpod.wresl
Parsing file: c:\cs3version\cs3l2015v0\conv\run\coa\coa_presetup.wresl
Parsing file: c:\cs3version\cs3l2015v0\common\sanjoaquin\delta\cosma_restrict_c6_c7.wresl
Parsing file: c:\cs3version\cs3l2015v0\common\cvp_dellogic\cvp_dellogic_sys\cvp_dellogic_sys_cycle6.wresl
Parsing file: c:\cs3version\cs3l2015v0\common\cvp_dellogic\cvp_dellogic_sys\demands_sys\sum_cvp_reduced_dem.wresl
Parsing file: c:\cs3version\cs3l2015v0\common\cvp_dellogic\cvp_dellogic_s\cvp_dellogic_s_cycle6.wresl
Parsing file: c:\cs3version\cs3l2015v0\common\cvp_dellogic\cvp_dellogic_s\deliveries_s\cvp_arcsplit_s.wresl
Parsing file: c:\cs3version\cs3l2015v0\common\cvp_dellogic\cvp_dellogic_s\deliveries_s\cvp_bound_del_s.wresl
Parsing file: c:\cs3version\cs3l2015v0\common\cvp_dellogic\cvp_dellogic_s\deliveries_s\cvpdel_goals_s.wresl
Parsing file: c:\cs3version\cs3l2015v0\common\cvp_dellogic\cvp_dellogic_s\deliveries_s\cvp_to_swp_s.wresl
Parsing file: c:\cs3version\cs3l2015v0\common\caaframework\lcpsim\lcpsim_zeroadjustments.wresl
Parsing file: c:\cs3version\cs3l2015v0\common\sanjoaquin\friant\sjr_rest_full.wresl
Parsing file: c:\cs3version\cs3l2015v0\common\sanjoaquin\sanjoaquinaddcyc6.wresl
Parsing file: c:\cs3version\cs3l2015v0\common\sanjoaquin\vamp\vamp_transfer.wresl
Parsing file: c:\cs3version\cs3l2015v0\common\sanjoaquin\stanislaus\stan_nmfs_rpa.wresl
Parsing file: c:\cs3version\cs3l2015v0\common\sanjoaquin\vernalis\mercedrelease_oct.wresl
Parsing file: c:\cs3version\cs3l2015v0\common\sanjoaquin\vernalis\vernalis_min.wresl
Parsing file: c:\cs3version\cs3l2015v0\common\sanjoaquin\waterquality\disaggregation\westsidereturns\wsreturnc2.wresl
Parsing file: c:\cs3version\cs3l2015v0\common\sanjoaquin\waterquality\disaggregation\westsidereturns\wsreturnc5.wresl
Parsing file: c:\cs3version\cs3l2015v0\common\sanjoaquin\various\bounds_cycles\bounds_cycle6_disag.wresl
Parsing file: c:\cs3version\cs3l2015v0\common\sanjoaquin\various\bounds_cycles\cycle6\vamp_bound.wresl
Parsing file: c:\cs3version\cs3l2015v0\common\sanjoaquin\various\bounds_cycles\cycle6\instream_bound.wresl
Parsing file: c:\cs3version\cs3l2015v0\common\sanjoaquin\various\bounds_cycles\cycle6\vernalis_bound.wresl
Parsing file: c:\cs3version\cs3l2015v0\common\sanjoaquin\various\bounds_cycles\cycle6\wq_bound_disag.wresl
Parsing file: c:\cs3version\cs3l2015v0\common\sanjoaquin\various\bounds_cycles\cycle6\eastside_bound.wresl
Parsing file: c:\cs3version\cs3l2015v0\common\sanjoaquin\various\cycleout\writecycle.wresl
Parsing file: c:\cs3version\cs3l2015v0\common\sanjoaquin\various\cycleout\cycle1out.wresl
Parsing file: c:\cs3version\cs3l2015v0\common\sanjoaquin\various\cycleout\cycle2out.wresl
Parsing file: c:\cs3version\cs3l2015v0\common\sanjoaquin\various\cycleout\cycle3out.wresl
Parsing file: c:\cs3version\cs3l2015v0\common\sanjoaquin\various\cycleout\cycle4out.wresl
Parsing file: c:\cs3version\cs3l2015v0\common\sanjoaquin\various\cycleout\cycle5out.wresl
Parsing file: c:\cs3version\cs3l2015v0\common\delta\mrdo\x2\x2req_ann.wresl
Parsing file: c:\cs3version\cs3l2015v0\common\delta\ann\anncommon3.wresl
Parsing file: c:\cs3version\cs3l2015v0\common\southofdelta\nodos\kern_gwrecharge.wresl
Parsing file: c:\cs3version\cs3l2015v0\common\rulecurve\rulecv.wresl
Parsing file: c:\cs3version\cs3l2015v0\common\rulecurve\swpdeliv_rulecv.wresl
Parsing file: c:\cs3version\cs3l2015v0\common\rulecurve\swprule.wresl
Parsing file: c:\cs3version\cs3l2015v0\common\rulecurve\cvpdeliv_rulecv.wresl
Parsing file: c:\cs3version\cs3l2015v0\common\rulecurve\cvprule.wresl
Parsing file: c:\cs3version\cs3l2015v0\common\rulecurve\sanluis.wresl
Parsing file: c:\cs3version\cs3l2015v0\common\sanjoaquin\integratedoperations\integratedoperationscyc6.wresl
Parsing file: c:\cs3version\cs3l2015v0\common\sanjoaquin\integratedoperations\crossvalleyconveyanceops.wresl
Parsing file: c:\cs3version\cs3l2015v0\common\sanjoaquin\integratedoperations\io_control.wresl
Parsing file: c:\cs3version\cs3l2015v0\common\delta\ann\exportestimate1_presetup.wresl
Parsing file: c:\cs3version\cs3l2015v0\common\delta\delta_ann.wresl
Parsing file: c:\cs3version\cs3l2015v0\common\delta\nba\nba.wresl
Parsing file: c:\cs3version\cs3l2015v0\common\delta\riovista\riovista.wresl
Parsing file: c:\cs3version\cs3l2015v0\common\delta\ann\gmodel-null.wresl
Parsing file: c:\cs3version\cs3l2015v0\common\delta\ann\ann_wyt_d1641.wresl
Parsing file: c:\cs3version\cs3l2015v0\common\delta\ann\anncommon2.wresl
Parsing file: c:\cs3version\cs3l2015v0\common\delta\ann\jerseypoint_data.wresl
Parsing file: c:\cs3version\cs3l2015v0\common\delta\ann\rockslough_data.wresl
Parsing file: c:\cs3version\cs3l2015v0\common\delta\ann\emmaton_data.wresl
Parsing file: c:\cs3version\cs3l2015v0\common\delta\ann\collins_data.wresl
Parsing file: c:\cs3version\cs3l2015v0\common\delta\ann\losvaqueros_data.wresl
Parsing file: c:\cs3version\cs3l2015v0\common\delta\ann\middleriver_data.wresl
Parsing file: c:\cs3version\cs3l2015v0\common\delta\ann\victoria_intake_data.wresl
Parsing file: c:\cs3version\cs3l2015v0\common\delta\ann\ccfb_intake_data.wresl
Parsing file: c:\cs3version\cs3l2015v0\common\delta\ann\exportestimate2.wresl
Parsing file: c:\cs3version\cs3l2015v0\common\delta\ann\jerseypoint_est.wresl
Parsing file: c:\cs3version\cs3l2015v0\common\delta\ann\rockslough_est.wresl
Parsing file: c:\cs3version\cs3l2015v0\common\delta\ann\emmaton_est.wresl
Parsing file: c:\cs3version\cs3l2015v0\common\delta\ann\collins_est.wresl
Parsing file: c:\cs3version\cs3l2015v0\common\delta\ann\annsacflow.wresl
Parsing file: c:\cs3version\cs3l2015v0\common\delta\ann\jerseypoint_constrain.wresl
Parsing file: c:\cs3version\cs3l2015v0\common\delta\ann\rockslough_constrain.wresl
Parsing file: c:\cs3version\cs3l2015v0\common\delta\ann\emmaton_constrain.wresl
Parsing file: c:\cs3version\cs3l2015v0\common\delta\ann\collins_constrain.wresl
Parsing file: c:\cs3version\cs3l2015v0\common\delta\ann\negcarriageopslimit.wresl
Parsing file: c:\cs3version\cs3l2015v0\common\delta\ann\jerseypoint_output.wresl
Parsing file: c:\cs3version\cs3l2015v0\common\delta\ann\rockslough_output.wresl
Parsing file: c:\cs3version\cs3l2015v0\common\delta\ann\emmaton_output.wresl
Parsing file: c:\cs3version\cs3l2015v0\common\delta\ann\collins_output.wresl
Parsing file: c:\cs3version\cs3l2015v0\common\delta\mrdo\mrdo_ann.wresl
Parsing file: c:\cs3version\cs3l2015v0\common\delta\mrdo\delta-outflow\delta-outflow.wresl
Parsing file: c:\cs3version\cs3l2015v0\common\delta\mrdo\final-mrdo\final-mrdo.wresl
Parsing file: c:\cs3version\cs3l2015v0\common\delta\ann\ann_coa_mrdo.wresl
Parsing file: c:\cs3version\cs3l2015v0\common\delta\specprojects\specprojects.wresl
Parsing file: c:\cs3version\cs3l2015v0\common\delta\sodeltachannels\sodeltachannels.wresl
Parsing file: c:\cs3version\cs3l2015v0\common\b2actions\b2vampcommon.wresl
Parsing file: c:\cs3version\cs3l2015v0\common\export_ops\omr\omr_stub.wresl
Parsing file: c:\cs3version\cs3l2015v0\common\ccwd\ccwd_ops\ccwd_lvfill_omr_mw.wresl
Parsing file: c:\cs3version\cs3l2015v0\common\ccwd\lvm_ops2.wresl
Parsing file: c:\cs3version\cs3l2015v0\common\ccwd\ccwd_ops\ccwd_wq_ops.wresl
Parsing file: c:\cs3version\cs3l2015v0\common\ccwd\ccwd_ops\ccwd_intake_preference.wresl
Parsing file: c:\cs3version\cs3l2015v0\common\ccwd\system\connectivity-table.wresl
Parsing file: c:\cs3version\cs3l2015v0\common\ccwd\system\weight-table.wresl
Parsing file: c:\cs3version\cs3l2015v0\common\export_ops\banks_pump_allow2.wresl
Parsing file: c:\cs3version\cs3l2015v0\common\swpcvpdeloutput.wresl
Parsing file: c:\cs3version\cs3l2015v0\common\ccwd\lve\wheeling_off.wresl
Parsing file: c:\cs3version\cs3l2015v0\common\system\systemtables_all\connectivity-table.wresl
Parsing file: c:\cs3version\cs3l2015v0\conv\run\system\systemtables_all\weight-table.wresl
Parsing file: c:\cs3version\cs3l2015v0\common\freeport\scwa\scwa_excess_cycle6.wresl
Parsing file: c:\cs3version\cs3l2015v0\common\ccwd\calsimconnection.wresl
Parsing file: c:\cs3version\cs3l2015v0\common\northofdelta\yuba\yuba_minflows_base.wresl
Parsing file: c:\cs3version\cs3l2015v0\common\northofdelta\yuba\yuba_annualallocation_lyra.wresl
Parsing file: c:\cs3version\cs3l2015v0\common\northofdelta\yuba\yuba_power.wresl
Parsing file: c:\cs3version\cs3l2015v0\common\northofdelta\yuba\yuba_operations.wresl
Parsing file: c:\cs3version\cs3l2015v0\common\system\systemtables_sac\constraints-seepage_repeat.wresl
Parsing file: c:\cs3version\cs3l2015v0\common\cvgroundwater\cvgroundwater_first.wresl
Parsing file: c:\cs3version\cs3l2015v0\common\cvgroundwater\setpumping_first.wresl
Parsing file: c:\cs3version\cs3l2015v0\common\cvgroundwater\setdeepperc_first.wresl
Parsing file: c:\cs3version\cs3l2015v0\common\cvgroundwater\setstrmflow_first.wresl
Parsing file: c:\cs3version\cs3l2015v0\common\cvgroundwater\setbugwrecharge_1234.wresl
Parsing file: c:\cs3version\cs3l2015v0\common\delta\ann\exportestimate1.wresl
Parsing file: c:\cs3version\cs3l2015v0\conv\run\coa\coa.wresl
Parsing file: c:\cs3version\cs3l2015v0\common\system\systemtables_sac\constraints-seepage_repeat2.wresl
Parsing file: c:\cs3version\cs3l2015v0\common\cvgroundwater\cvgroundwater_second.wresl
Parsing file: c:\cs3version\cs3l2015v0\common\cvgroundwater\setpumping_second.wresl
Parsing file: c:\cs3version\cs3l2015v0\common\cvgroundwater\setdeepperc_second.wresl
Parsing file: c:\cs3version\cs3l2015v0\common\cvgroundwater\setstrmflow_second.wresl
Parsing file: c:\cs3version\cs3l2015v0\common\system\systemtables_sac\constraints-seepage_repeat3.wresl
Parsing file: c:\cs3version\cs3l2015v0\common\cvgroundwater\cvgroundwater_third.wresl
Parsing file: c:\cs3version\cs3l2015v0\common\cvgroundwater\setpumping_third.wresl
Parsing file: c:\cs3version\cs3l2015v0\common\cvgroundwater\setdeepperc_third.wresl
Parsing file: c:\cs3version\cs3l2015v0\common\cvgroundwater\setstrmflow_third.wresl
Parsing file: c:\cs3version\cs3l2015v0\common\system\systemtables_sac\constraints-seepage_repeat4.wresl
Parsing file: c:\cs3version\cs3l2015v0\common\cvgroundwater\cvgroundwater_fourth.wresl
Parsing file: c:\cs3version\cs3l2015v0\common\cvgroundwater\setpumping_fourth.wresl
Parsing file: c:\cs3version\cs3l2015v0\common\cvgroundwater\setdeepperc_fourth.wresl
Parsing file: c:\cs3version\cs3l2015v0\common\cvgroundwater\setstrmflow_fourth.wresl
Parsing file: c:\cs3version\cs3l2015v0\common\system\system_sac2.wresl
Parsing file: c:\cs3version\cs3l2015v0\common\system\systemtables_sac\constraints-weirs2.wresl
Parsing file: c:\cs3version\cs3l2015v0\common\hydrology\weirs\weir_steps_dailyops_setup.wresl
Parsing file: c:\cs3version\cs3l2015v0\common\hydrology\weirs\read_dailypattern_sacrfreeport.wresl
Parsing file: c:\cs3version\cs3l2015v0\common\hydrology\weirs\weir_steps_dailyops.wresl
Parsing file: c:\cs3version\cs3l2015v0\common\system\systemtables_sac\constraints-seepage_last.wresl
Parsing file: c:\cs3version\cs3l2015v0\common\cvgroundwater\saveheads_stages.wresl
Parsing file: c:\cs3version\cs3l2015v0\common\northofdelta\yuba\yuba_annualallocation_cy2.wresl
Parsing file: c:\cs3version\cs3l2015v0\common\hydrology\weirs\weir_steps_dailyops_monthlyweighted.wresl
Parsing file: c:\cs3version\cs3l2015v0\common\system\systemtables_sac\constraints-seepage_final.wresl
Parsing file: c:\cs3version\cs3l2015v0\common\cycleoutput\prev_cycle_monthlyweighted.wresl
Parsing file: c:\cs3version\cs3l2015v0\common\delta\mrdo\x2\x2setup_ann_fws.wresl
Parsing file: c:\cs3version\cs3l2015v0\common\delta\mrdo\x2\x2days_fws.wresl
Parsing file: c:\cs3version\cs3l2015v0\conv\run\b2actions\b2actionsupstreamrepeat.wresl
Parsing file: c:\cs3version\cs3l2015v0\conv\run\b2actions\b2action1repeat.wresl
Parsing file: c:\cs3version\cs3l2015v0\common\delta\delta_ann_reduced_calls.wresl
Parsing file: c:\cs3version\cs3l2015v0\common\delta\ann\jerseypoint_data_reduced_calls.wresl
Parsing file: c:\cs3version\cs3l2015v0\common\delta\ann\rockslough_data_reduced_calls.wresl
Parsing file: c:\cs3version\cs3l2015v0\common\delta\ann\emmaton_data_reduced_calls.wresl
Parsing file: c:\cs3version\cs3l2015v0\common\delta\ann\collins_data_reduced_calls.wresl
Parsing file: c:\cs3version\cs3l2015v0\common\delta\ann\losvaqueros_data_reduced_calls.wresl
Parsing file: c:\cs3version\cs3l2015v0\common\delta\ann\middleriver_data_reduced_calls.wresl
Parsing file: c:\cs3version\cs3l2015v0\common\delta\ann\victoria_intake_data_reduced_calls.wresl
Parsing file: c:\cs3version\cs3l2015v0\common\delta\ann\ccfb_intake_data_reduced_calls.wresl
Parsing file: c:\cs3version\cs3l2015v0\common\hydrology\weirs\weir_steps_dailyops_upstream.wresl
Parsing file: c:\cs3version\cs3l2015v0\common\cycleoutput\prev_cycle_upstream.wresl
Parsing file: c:\cs3version\cs3l2015v0\common\export_ops\delta_rpa1.wresl
Parsing file: c:\cs3version\cs3l2015v0\common\export_ops\nmfs_salmon_bo_def.wresl
Parsing file: c:\cs3version\cs3l2015v0\common\export_ops\omr\fws_smelt_bo_def.wresl
Parsing file: c:\cs3version\cs3l2015v0\common\export_ops\fws_smelt_bo_fallx2check.wresl
Parsing file: c:\cs3version\cs3l2015v0\common\export_ops\nmfs_salmon_bo_dcc.wresl
Parsing file: c:\cs3version\cs3l2015v0\conv\run\b2actions\b2setbaseline.wresl
Parsing file: c:\cs3version\cs3l2015v0\common\b2actions\repeat\b2actionsdeltarepeat.wresl
Parsing file: c:\cs3version\cs3l2015v0\common\b2actions\b2action2.wresl
Parsing file: c:\cs3version\cs3l2015v0\common\b2actions\b2action3.wresl
Parsing file: c:\cs3version\cs3l2015v0\common\b2actions\repeat\b2action4repeat.wresl
Parsing file: c:\cs3version\cs3l2015v0\common\b2actions\repeat\b2action5repeat.wresl
Parsing file: c:\cs3version\cs3l2015v0\common\b2actions\b2action6.wresl
Parsing file: c:\cs3version\cs3l2015v0\common\b2actions\b2action7.wresl
Parsing file: c:\cs3version\cs3l2015v0\conv\run\b2actions\b2banksfix.wresl
Parsing file: c:\cs3version\cs3l2015v0\common\delta\ann\exportestimate1_b2.wresl
Parsing file: c:\cs3version\cs3l2015v0\common\export_ops\delta_rpa2.wresl
Parsing file: c:\cs3version\cs3l2015v0\common\export_ops\nmfs_salmon_bo_sjr.wresl
Parsing file: c:\cs3version\cs3l2015v0\common\export_ops\omr\fws_smelt_bo.wresl
Parsing file: c:\cs3version\cs3l2015v0\common\export_ops\exp_constraint.wresl
Parsing file: c:\cs3version\cs3l2015v0\common\export_ops\omr\omr_constraint.wresl
Parsing file: c:\cs3version\cs3l2015v0\conv\run\coa\coa_bo.wresl
Parsing file: c:\cs3version\cs3l2015v0\common\ccwd\ccwd_ops\ccwd_lvfill_omr_delta.wresl
Parsing file: c:\cs3version\cs3l2015v0\common\ccwd\wq_calcs\wq_calcs_upstream.wresl
Parsing file: c:\cs3version\cs3l2015v0\common\hydrology\weirs\weir_steps_dailyops_delta.wresl
Parsing file: c:\cs3version\cs3l2015v0\common\cycleoutput\prev_cycle_delta.wresl
Parsing file: c:\cs3version\cs3l2015v0\common\export_ops\delta_rpa1_delta.wresl
Parsing file: c:\cs3version\cs3l2015v0\common\export_ops\nmfs_salmon_bo_dcc_delta.wresl
Parsing file: c:\cs3version\cs3l2015v0\conv\run\reoperations\wheeling\whlsetbaseline_delta.wresl
Parsing file: c:\cs3version\cs3l2015v0\common\reoperations\wheeling\wheelcap.wresl
Parsing file: c:\cs3version\cs3l2015v0\common\reoperations\reopcontinuity.wresl
Parsing file: c:\cs3version\cs3l2015v0\conv\run\reoperations\wheeling\wheelfixes_delta.wresl
Parsing file: c:\cs3version\cs3l2015v0\common\sanjoaquin\delta\dwsp_term91.wresl
Parsing file: c:\cs3version\cs3l2015v0\common\sanjoaquin\waterquality\disaggregation\disag_writeout.wresl
Parsing file: c:\cs3version\cs3l2015v0\common\sanjoaquin\waterquality\disaggregation\westsidereturns\ws_returns_writeout.wresl
Parsing file: c:\cs3version\cs3l2015v0\common\sanjoaquin\waterquality\disaggregation\np_diversion\npd_writeout.wresl
Parsing file: c:\cs3version\cs3l2015v0\common\sanjoaquin\waterquality\disaggregation\np_return\npr_writeout.wresl
Parsing file: c:\cs3version\cs3l2015v0\common\shortage\shortage.wresl
Parsing file: c:\cs3version\cs3l2015v0\common\shortage\shortage_cvp_n.wresl
Parsing file: c:\cs3version\cs3l2015v0\common\shortage\shortage_cvp_s.wresl
Parsing file: c:\cs3version\cs3l2015v0\common\shortage\shortage_swp.wresl
Parsing file: c:\cs3version\cs3l2015v0\common\ccwd\wq_calcs\wq_calcs_delta.wresl
Parsing file: c:\cs3version\cs3l2015v0\common\northofdelta\yuba\yuba_minflows_lyra.wresl
Parsing file: c:\cs3version\cs3l2015v0\common\northofdelta\yuba\yuba_annualallocation_cy2_txfr.wresl
Parsing file: c:\cs3version\cs3l2015v0\conv\run\cycleoutput\cycle_output.wresl
Parsing file: c:\cs3version\cs3l2015v0\common\reoperations\transfers\transfersops_stg1_calsim3.wresl
Parsing file: c:\cs3version\cs3l2015v0\common\reoperations\wheeling\whlsetbaseline_transfers_stage1.wresl
Parsing file: c:\cs3version\cs3l2015v0\conv\run\reoperations\wheeling\wheelfixes_ts1.wresl
Parsing file: c:\cs3version\cs3l2015v0\common\reoperations\wheeling\whlsetbaseline_wheelcvc.wresl
Parsing file: c:\cs3version\cs3l2015v0\conv\run\reoperations\wheeling\wheelfixes_wheelcvc.wresl
Parsing file: c:\cs3version\cs3l2015v0\common\export_ops\jul_sep_prefer_td_exp_setup.wresl
Parsing file: c:\cs3version\cs3l2015v0\conv\run\drought\sacdroughtreport_gwcycle.wresl
